<?xml version="1.0" encoding="UTF-8"?>
<!-- Generated by org.testng.reporters.JUnitReportReporter -->
<testsuite hostname="BNS" failures="0" tests="4" name="com.tutorialsninja.qa.testcases.Register" time="17.399" errors="0" timestamp="2024-06-03T21:33:39 IST" skipped="0">
  <testcase classname="com.tutorialsninja.qa.testcases.Register" name="registerationWithmandatoryFields" time="3.971"/>
  <testcase classname="com.tutorialsninja.qa.testcases.Register" name="verifyRegistrationWithAllFileds" time="4.050"/>
  <testcase classname="com.tutorialsninja.qa.testcases.Register" name="verifyAccountCreationWithAlreadyRegisteredMailID" time="3.261"/>
  <testcase classname="com.tutorialsninja.qa.testcases.Register" name="verifyAccountCreationWithoutFillingAnyData" time="6.117"/>
</testsuite> <!-- com.tutorialsninja.qa.testcases.Register -->
