<?xml version="1.0" encoding="UTF-8"?>
<!-- Generated by org.testng.reporters.JUnitReportReporter -->
<testsuite hostname="BNS" failures="0" tests="1" name="com.tutorialsninja.qa.testcases.Login" time="6.632" errors="0" timestamp="2024-06-09T17:00:20 IST" skipped="0">
  <testcase classname="com.tutorialsninja.qa.testcases.Login" name="verifyLoginWithValidCredentials" time="6.632"/>
</testsuite> <!-- com.tutorialsninja.qa.testcases.Login -->
