<?xml version="1.0" encoding="UTF-8"?>
<!-- Generated by org.testng.reporters.JUnitReportReporter -->
<testsuite hostname="BNS" failures="0" tests="3" name="com.tutorialsninja.qa.testcases.Search" time="8.372" errors="0" timestamp="2024-06-03T21:33:39 IST" skipped="0">
  <testcase classname="com.tutorialsninja.qa.testcases.Search" name="verifySearchWithValidProduct" time="3.235"/>
  <testcase classname="com.tutorialsninja.qa.testcases.Search" name="verifySearchWithInvalidProduct" time="2.564"/>
  <testcase classname="com.tutorialsninja.qa.testcases.Search" name="verifySearchWithoutProductData" time="2.573"/>
</testsuite> <!-- com.tutorialsninja.qa.testcases.Search -->
